<?xml version="1.0" encoding="UTF-8"?>
<!-- Generated by org.testng.reporters.JUnitXMLReporter -->
<testsuite hostname="DESKTOP-Q3TS3TV" ignored="1" name="Default test" tests="4" failures="0" timestamp="21 May 2020 03:29:57 GMT" time="180.926" errors="0">
  <testcase name="loginExcelTest1" time="17.288" classname="com.training.regression.tests.LoginExcelTest"/>
  <testcase name="loginExcelTest1" time="12.953" classname="com.training.regression.tests.LoginExcelTest"/>
  <testcase name="loginExcelTest1" time="18.319" classname="com.training.regression.tests.LoginExcelTest"/>
  <testcase name="loginExcelTest1" time="17.153" classname="com.training.regression.tests.LoginExcelTest"/>
  <testcase name="loginExcelTest" time="0.0" classname="com.training.regression.tests.LoginExcelTest">
    <ignored/>
  </testcase> <!-- loginExcelTest -->
</testsuite> <!-- Default test -->
