<?xml version="1.0" encoding="UTF-8"?>
<!-- Generated by org.testng.reporters.JUnitXMLReporter -->
<testsuite hostname="DESKTOP-Q3TS3TV" ignored="3" name="Default test" tests="1" failures="0" timestamp="14 May 2020 06:58:13 GMT" time="82.995" errors="0">
  <testcase name="guestplaceAnOrder" time="52.734" classname="com.training.regression.tests.LoginMultipleValuesTest"/>
  <testcase name="chkOutPreLogin" time="0.0" classname="com.training.regression.tests.LoginMultipleValuesTest">
    <ignored/>
  </testcase> <!-- chkOutPreLogin -->
  <testcase name="registerdplaceAnOrder" time="0.0" classname="com.training.regression.tests.LoginMultipleValuesTest">
    <ignored/>
  </testcase> <!-- registerdplaceAnOrder -->
  <testcase name="loginUsingDataProvider" time="0.0" classname="com.training.regression.tests.LoginMultipleValuesTest">
    <ignored/>
  </testcase> <!-- loginUsingDataProvider -->
</testsuite> <!-- Default test -->
