<?xml version="1.0" encoding="UTF-8"?>
<!-- Generated by org.testng.reporters.JUnitXMLReporter -->
<testsuite hostname="DESKTOP-Q3TS3TV" ignored="0" name="Registration test" tests="3" failures="0" timestamp="07 May 2020 15:20:45 GMT" time="185.135" errors="0">
  <testcase name="registerDetails" time="36.112" classname="com.training.sanity.tests.RetailRegisterTest"/>
  <testcase name="validLoginTest" time="24.613" classname="com.training.sanity.tests.RetailLoginTest"/>
  <testcase name="validLoginTest" time="19.471" classname="com.training.sanity.tests.RetailLoginRecoverTest"/>
</testsuite> <!-- Registration test -->
