<?xml version="1.0" encoding="UTF-8"?>
<!-- Generated by org.testng.reporters.JUnitXMLReporter -->
<testsuite hostname="DESKTOP-Q3TS3TV" ignored="0" name="Registration test" tests="3" failures="0" timestamp="09 May 2020 13:51:36 GMT" time="191.415" errors="0">
  <testcase name="registerDetails" time="49.046" classname="com.training.sanity.tests.RetailRegisterTest"/>
  <testcase name="loginWithValidId" time="16.565" classname="com.training.sanity.tests.RetailRegisterTest"/>
  <testcase name="recoverLogin" time="22.329" classname="com.training.sanity.tests.RetailRegisterTest"/>
</testsuite> <!-- Registration test -->
